2025-05-17 12:18:22,005 - WARNING - Thư viện underthesea không được cài đặt.
2025-05-17 12:18:22,006 - WARNING - Để cài đặt underthesea: pip install underthesea
2025-05-17 12:18:22,006 - WARNING - Chương trình sẽ tiếp tục với phương pháp xử lý đơn giản.
2025-05-17 12:18:22,006 - WARNING - Thư viện underthesea không được cài đặt. Vui lòng cài đặt bằng lệnh: pip install underthesea
2025-05-17 12:18:22,006 - WARNING - Chương trình sẽ sử dụng phương pháp xử lý đơn giản thay thế.
2025-05-17 12:18:22,010 - INFO - Tìm thấy 2443 file txt trong thư mục ../data/raw/VNU
2025-05-17 12:18:22,010 - INFO - Bắt đầu xử lý song song
2025-05-17 12:20:15,226 - INFO - 
--- Thống kê tổng hợp ---
2025-05-17 12:20:15,226 - INFO - Tổng số file: 2443
2025-05-17 12:20:15,226 - INFO - Số file đã xử lý: 2443
2025-05-17 12:20:15,227 - INFO - - File tiếng Anh: 378
2025-05-17 12:20:15,227 - INFO - - File tiếng Việt: 2065
2025-05-17 12:20:15,227 - INFO - - File ngôn ngữ khác: 0
2025-05-17 12:20:15,229 - INFO - Tổng số ký tự ban đầu: 439325847
2025-05-17 12:20:15,229 - INFO - Tổng số ký tự sau xử lý: 134590543
2025-05-17 12:20:15,231 - INFO - Tỷ lệ giảm: 69.36%
2025-05-17 12:20:15,231 - INFO - Tổng số từ ban đầu: 20557655
2025-05-17 12:20:15,231 - INFO - Tổng số từ sau xử lý: 49651941
2025-05-17 12:20:15,231 - INFO - Tổng số câu: 1876308
2025-05-17 12:20:15,231 - INFO - Đã hoàn thành tiền xử lý và lưu kết quả vào ../data/processed/VNU
2025-05-19 13:11:41,333 - WARNING - Thư viện underthesea không được cài đặt.
2025-05-19 13:11:41,333 - WARNING - Để cài đặt underthesea: pip install underthesea
2025-05-19 13:11:41,333 - WARNING - Chương trình sẽ tiếp tục với phương pháp xử lý đơn giản.
2025-05-19 13:11:41,334 - WARNING - Thư viện underthesea không được cài đặt. Vui lòng cài đặt bằng lệnh: pip install underthesea
2025-05-19 13:11:41,334 - WARNING - Chương trình sẽ sử dụng phương pháp xử lý đơn giản thay thế.
2025-05-19 13:11:41,335 - INFO - Tìm thấy 578 file txt trong thư mục ../data/raw/VNU/
2025-05-19 13:11:41,336 - INFO - Bắt đầu xử lý song song
2025-05-19 13:11:47,701 - WARNING - Không có đủ nội dung hợp lệ trong file 461_https___uet_vnu_edu_vn__hoa_nguyen_.txt
2025-05-19 13:11:53,831 - INFO - 
--- Thống kê tổng hợp ---
2025-05-19 13:11:53,831 - INFO - Tổng số file: 578
2025-05-19 13:11:53,831 - INFO - Số file đã xử lý: 577
2025-05-19 13:11:53,832 - INFO - - File tiếng Anh: 94
2025-05-19 13:11:53,832 - INFO - - File tiếng Việt: 481
2025-05-19 13:11:53,832 - INFO - - File ngôn ngữ khác: 2
2025-05-19 13:11:53,832 - INFO - Tổng số ký tự ban đầu: 42826994
2025-05-19 13:11:53,832 - INFO - Tổng số ký tự sau xử lý: 14266582
2025-05-19 13:11:53,832 - INFO - Tỷ lệ giảm: 66.69%
2025-05-19 13:11:53,833 - INFO - Tổng số từ ban đầu: 2217322
2025-05-19 13:11:53,833 - INFO - Tổng số từ sau xử lý: 5030669
2025-05-19 13:11:53,833 - INFO - Tổng số câu: 181186
2025-05-19 13:11:53,833 - INFO - Đã hoàn thành tiền xử lý và lưu kết quả vào ../data/processed/VNU/uet
2025-05-19 13:21:35,455 - WARNING - Thư viện underthesea không được cài đặt.
2025-05-19 13:21:35,457 - WARNING - Để cài đặt underthesea: pip install underthesea
2025-05-19 13:21:35,457 - WARNING - Chương trình sẽ tiếp tục với phương pháp xử lý đơn giản.
2025-05-19 13:21:35,457 - WARNING - Thư viện underthesea không được cài đặt. Vui lòng cài đặt bằng lệnh: pip install underthesea
2025-05-19 13:21:35,457 - WARNING - Chương trình sẽ sử dụng phương pháp xử lý đơn giản thay thế.
2025-05-19 13:21:35,459 - INFO - Tìm thấy 578 file txt trong thư mục ../data/raw/VNU/
2025-05-19 13:21:35,459 - INFO - Bắt đầu xử lý song song
2025-05-19 13:21:43,020 - WARNING - Không có đủ nội dung hợp lệ trong file 461_https___uet_vnu_edu_vn__hoa_nguyen_.txt
2025-05-19 13:32:39,947 - INFO - Đã phát hiện thư viện pyvi. Sẽ sử dụng cho xử lý tiếng Việt.
2025-05-19 13:32:39,950 - INFO - Tìm thấy 578 file txt trong thư mục ../data/raw/VNU/
2025-05-19 13:32:39,950 - INFO - Bắt đầu xử lý song song
2025-05-19 13:32:46,793 - WARNING - Không có đủ nội dung hợp lệ trong file 461_https___uet_vnu_edu_vn__hoa_nguyen_.txt
2025-05-19 13:32:52,608 - INFO - 
--- Thống kê tổng hợp ---
2025-05-19 13:32:52,609 - INFO - Tổng số file: 578
2025-05-19 13:32:52,609 - INFO - Số file đã xử lý: 577
2025-05-19 13:32:52,609 - INFO - - File tiếng Anh: 94
2025-05-19 13:32:52,609 - INFO - - File tiếng Việt: 481
2025-05-19 13:32:52,609 - INFO - - File ngôn ngữ khác: 2
2025-05-19 13:32:52,609 - INFO - Tổng số ký tự ban đầu: 42826994
2025-05-19 13:32:52,609 - INFO - Tổng số ký tự sau xử lý: 14266582
2025-05-19 13:32:52,609 - INFO - Tỷ lệ giảm: 66.69%
2025-05-19 13:32:52,609 - INFO - Tổng số từ ban đầu: 2217322
2025-05-19 13:32:52,609 - INFO - Tổng số từ sau xử lý: 5030669
2025-05-19 13:32:52,609 - INFO - Tổng số câu: 181186
2025-05-19 13:32:52,610 - INFO - Đã hoàn thành tiền xử lý và lưu kết quả vào ../data/processed/VNU/uet
2025-05-24 12:23:14,444 - INFO - Tìm thấy 0 file txt trong thư mục scraped_data
2025-05-24 12:23:14,447 - INFO - Bắt đầu xử lý tuần tự
2025-05-24 12:23:14,447 - INFO - 
--- Thống kê tổng hợp ---
2025-05-24 12:23:14,447 - INFO - Tổng số file: 0
2025-05-24 12:23:14,447 - INFO - Số file đã xử lý: 0
2025-05-24 12:23:14,447 - INFO - - File tiếng Việt: 0
2025-05-24 12:23:14,447 - INFO - Đã hoàn thành tiền xử lý và lưu kết quả vào processed_data
2025-05-24 12:24:45,675 - INFO - Tìm thấy 0 file txt trong thư mục ../data/docs
2025-05-24 12:24:45,675 - INFO - Bắt đầu xử lý tuần tự
2025-05-24 12:24:45,675 - INFO - 
--- Thống kê tổng hợp ---
2025-05-24 12:24:45,675 - INFO - Tổng số file: 0
2025-05-24 12:24:45,675 - INFO - Số file đã xử lý: 0
2025-05-24 12:24:45,675 - INFO - - File tiếng Việt: 0
2025-05-24 12:24:45,676 - INFO - Đã hoàn thành tiền xử lý và lưu kết quả vào ../data/docs/corpus
2025-05-24 12:25:22,824 - INFO - Tìm thấy 0 file txt trong thư mục ../data/docs/UET
2025-05-24 12:25:22,824 - INFO - Bắt đầu xử lý tuần tự
2025-05-24 12:25:22,824 - INFO - 
--- Thống kê tổng hợp ---
2025-05-24 12:25:22,824 - INFO - Tổng số file: 0
2025-05-24 12:25:22,824 - INFO - Số file đã xử lý: 0
2025-05-24 12:25:22,824 - INFO - - File tiếng Việt: 0
2025-05-24 12:25:22,824 - INFO - Đã hoàn thành tiền xử lý và lưu kết quả vào ../data/docs/corpus/UET
2025-05-24 12:28:02,889 - INFO - Tìm thấy 481 file txt trong thư mục ../../data/docs/UET
2025-05-24 12:28:02,889 - INFO - Bắt đầu xử lý song song
2025-05-24 12:28:03,150 - INFO - 
--- Thống kê tổng hợp ---
2025-05-24 12:28:03,150 - INFO - Tổng số file: 481
2025-05-24 12:28:03,150 - INFO - Số file đã xử lý: 0
2025-05-24 12:28:03,150 - INFO - - File tiếng Việt: 0
2025-05-24 12:28:03,151 - INFO - Đã hoàn thành tiền xử lý và lưu kết quả vào ../../data/docs/corpus/UET
